<?xml version="1.0" encoding="UTF-8"?>
<testsuite name="CensusAnalyserTest" tests="15" skipped="0" failures="0" errors="0" timestamp="2020-11-07T04:05:38" hostname="DESKTOP-62HQPBS" time="0.377">
  <properties/>
  <testcase name="givenStateCodeCsvFile_WhenCorrect_ButFileExtensionIncorrect_ShouldThrowCensusAnalyserException" classname="CensusAnalyserTest" time="0.005"/>
  <testcase name="givenCensusData_WhenSortedOnArea_ShouldReturnSortedResult" classname="CensusAnalyserTest" time="0.178"/>
  <testcase name="givenStateCodeFile_WhenInvalidDelimiter_ShouldThrowCensusAnalysisException" classname="CensusAnalyserTest" time="0.038"/>
  <testcase name="givenStateCensusCsvFile_WhenCorrect_ButFileExtensionIncorrect_ShouldThrowCensusAnalyserException" classname="CensusAnalyserTest" time="0.0"/>
  <testcase name="givenIndianCensusData_WhenSortedOnPopulation_ShouldReturnSortedResult" classname="CensusAnalyserTest" time="0.028"/>
  <testcase name="givenCensusData_WhenSortedOnDensity_ShouldReturnSortedResult" classname="CensusAnalyserTest" time="0.021"/>
  <testcase name="givenStateCodeData_WhenSortedOnTin_ShouldReturnSortedResult" classname="CensusAnalyserTest" time="0.02"/>
  <testcase name="givenStateCensusCsvFile_ItHasCorrectNumber_ShouldMatchRecords" classname="CensusAnalyserTest" time="0.025"/>
  <testcase name="givenStateCodeCsvFile_ItHasCorrectNumber_ShouldMatchRecords" classname="CensusAnalyserTest" time="0.018"/>
  <testcase name="givenStateCensusFileCorrect_WhenHeadersIncorrect_ShouldThrowCensusAnalyserException" classname="CensusAnalyserTest" time="0.009"/>
  <testcase name="givenStateCensusCsvFile_IfDoesntExists_ShouldThrowCensusAnalyserException" classname="CensusAnalyserTest" time="0.002"/>
  <testcase name="givenIndianCensusData_ShouldSortedOnState_ShouldReturnResult" classname="CensusAnalyserTest" time="0.015"/>
  <testcase name="givenStateCodeFileCorrect_WhenHeadersIncorrect_ShouldThrowCensusAnalyserException" classname="CensusAnalyserTest" time="0.006"/>
  <testcase name="givenStateCodeCsvFile_IfDoesntExists_ShouldThrowCensusAnalyserException" classname="CensusAnalyserTest" time="0.001"/>
  <testcase name="givenStateCensusFile_WhenInvalidDelimiter_ShouldThrowCensusAnalysisException" classname="CensusAnalyserTest" time="0.006"/>
  <system-out><![CDATA[]]></system-out>
  <system-err><![CDATA[]]></system-err>
</testsuite>
