<?xml version="1.0" encoding="UTF-8"?>
<testsuite name="CensusAnalyserTest" tests="1" skipped="0" failures="0" errors="0" timestamp="2020-11-05T05:32:06" hostname="DESKTOP-62HQPBS" time="0.005">
  <properties/>
  <testcase name="givenStateCodeCsvFile_IfDoesntExists_ShouldThrowCensusAnalyserException" classname="CensusAnalyserTest" time="0.005"/>
  <system-out><![CDATA[]]></system-out>
  <system-err><![CDATA[]]></system-err>
</testsuite>
