<?xml version="1.0" encoding="UTF-8"?>
<testsuite name="CensusAnalyserTest" tests="1" skipped="0" failures="0" errors="0" timestamp="2020-11-07T04:41:03" hostname="DESKTOP-62HQPBS" time="0.191">
  <properties/>
  <testcase name="givenIndianCensusData_ShouldSortedOnState_ShouldReturnResult" classname="CensusAnalyserTest" time="0.191"/>
  <system-out><![CDATA[]]></system-out>
  <system-err><![CDATA[]]></system-err>
</testsuite>
